Determining if the pthread_create exist failed with the following output:
Change Dir: /home/cedric/SFND/SFND_Lidar_Obstacle_Detection/build/CMakeFiles/CMakeTmp

Run Build Command:"/usr/bin/make" "cmTC_66361/fast"
/usr/bin/make -f CMakeFiles/cmTC_66361.dir/build.make CMakeFiles/cmTC_66361.dir/build
make[1]: Entering directory '/home/cedric/SFND/SFND_Lidar_Obstacle_Detection/build/CMakeFiles/CMakeTmp'
Building C object CMakeFiles/cmTC_66361.dir/CheckSymbolExists.c.o
/usr/bin/cc    -o CMakeFiles/cmTC_66361.dir/CheckSymbolExists.c.o   -c /home/cedric/SFND/SFND_Lidar_Obstacle_Detection/build/CMakeFiles/CMakeTmp/CheckSymbolExists.c
Linking C executable cmTC_66361
/usr/bin/cmake -E cmake_link_script CMakeFiles/cmTC_66361.dir/link.txt --verbose=1
/usr/bin/cc      -rdynamic CMakeFiles/cmTC_66361.dir/CheckSymbolExists.c.o  -o cmTC_66361 
CMakeFiles/cmTC_66361.dir/CheckSymbolExists.c.o: In function `main':
CheckSymbolExists.c:(.text+0x1b): undefined reference to `pthread_create'
collect2: error: ld returned 1 exit status
CMakeFiles/cmTC_66361.dir/build.make:97: recipe for target 'cmTC_66361' failed
make[1]: *** [cmTC_66361] Error 1
make[1]: Leaving directory '/home/cedric/SFND/SFND_Lidar_Obstacle_Detection/build/CMakeFiles/CMakeTmp'
Makefile:126: recipe for target 'cmTC_66361/fast' failed
make: *** [cmTC_66361/fast] Error 2

File /home/cedric/SFND/SFND_Lidar_Obstacle_Detection/build/CMakeFiles/CMakeTmp/CheckSymbolExists.c:
/* */
#include <pthread.h>

int main(int argc, char** argv)
{
  (void)argv;
#ifndef pthread_create
  return ((int*)(&pthread_create))[argc];
#else
  (void)argc;
  return 0;
#endif
}

Determining if the function pthread_create exists in the pthreads failed with the following output:
Change Dir: /home/cedric/SFND/SFND_Lidar_Obstacle_Detection/build/CMakeFiles/CMakeTmp

Run Build Command:"/usr/bin/make" "cmTC_dabd0/fast"
/usr/bin/make -f CMakeFiles/cmTC_dabd0.dir/build.make CMakeFiles/cmTC_dabd0.dir/build
make[1]: Entering directory '/home/cedric/SFND/SFND_Lidar_Obstacle_Detection/build/CMakeFiles/CMakeTmp'
Building C object CMakeFiles/cmTC_dabd0.dir/CheckFunctionExists.c.o
/usr/bin/cc   -DCHECK_FUNCTION_EXISTS=pthread_create   -o CMakeFiles/cmTC_dabd0.dir/CheckFunctionExists.c.o   -c /usr/share/cmake-3.10/Modules/CheckFunctionExists.c
Linking C executable cmTC_dabd0
/usr/bin/cmake -E cmake_link_script CMakeFiles/cmTC_dabd0.dir/link.txt --verbose=1
/usr/bin/cc  -DCHECK_FUNCTION_EXISTS=pthread_create    -rdynamic CMakeFiles/cmTC_dabd0.dir/CheckFunctionExists.c.o  -o cmTC_dabd0 -lpthreads 
/usr/bin/ld: cannot find -lpthreads
collect2: error: ld returned 1 exit status
CMakeFiles/cmTC_dabd0.dir/build.make:97: recipe for target 'cmTC_dabd0' failed
make[1]: *** [cmTC_dabd0] Error 1
make[1]: Leaving directory '/home/cedric/SFND/SFND_Lidar_Obstacle_Detection/build/CMakeFiles/CMakeTmp'
Makefile:126: recipe for target 'cmTC_dabd0/fast' failed
make: *** [cmTC_dabd0/fast] Error 2


